http://bigdata.51doit.cn/laozhang
http://bigdata.51doit.cn/laozhao
http://bigdata.51doit.cn/laozhao
http://bigdata.51doit.cn/laozhao
http://bigdata.51doit.cn/laoduan
http://bigdata.51doit.cn/laoduan
http://javaee.51doit.cn/xiaoxu
http://javaee.51doit.cn/xiaoxu
http://javaee.51doit.cn/laoyang
http://javaee.51doit.cn/laoyang
http://javaee.51doit.cn/laoyang
http://bigdata.51doit.cn/laozhao
http://bigdata.51doit.cn/laozhao
http://bigdata.51doit.cn/laozhao
http://bigdata.51doit.cn/laozhao
http://bigdata.51doit.cn/laozhao
http://bigdata.51doit.cn/laoduan
http://bigdata.51doit.cn/laoduan
http://javaee.51doit.cn/xiaoxu
http://javaee.51doit.cn/xiaoxu
http://javaee.51doit.cn/laoyang
http://javaee.51doit.cn/laoyang
http://javaee.51doit.cn/laoyang
http://bigdata.51doit.cn/laozhao
http://bigdata.51doit.cn/laozhao
http://bigdata.51doit.cn/laozhao
http://bigdata.51doit.cn/laozhao
http://bigdata.51doit.cn/laozhao
http://bigdata.51doit.cn/laoduan
http://bigdata.51doit.cn/laoduan
http://javaee.51doit.cn/xiaoxu
http://javaee.51doit.cn/xiaoxu
http://javaee.51doit.cn/laoyang
http://javaee.51doit.cn/laoyang
http://javaee.51doit.cn/laoyang
http://php.51doit.cn/laoli
http://php.51doit.cn/laoliu
http://php.51doit.cn/laoli
http://php.51doit.cn/laoli
http://bigdata.51doit.cn/laozhang
http://bigdata.51doit.cn/laozhang
http://bigdata.51doit.cn/laozhao
http://bigdata.51doit.cn/laozhao
http://bigdata.51doit.cn/laozhao
http://bigdata.51doit.cn/laozhao
http://bigdata.51doit.cn/laozhao
http://bigdata.51doit.cn/laoduan
http://bigdata.51doit.cn/laoduan
http://javaee.51doit.cn/xiaoxu
http://javaee.51doit.cn/xiaoxu
http://javaee.51doit.cn/laoyang
http://javaee.51doit.cn/laoyang
http://javaee.51doit.cn/laoyang
http://bigdata.51doit.cn/laozhao
http://bigdata.51doit.cn/laozhao
http://bigdata.51doit.cn/laozhao
http://bigdata.51doit.cn/laozhao
http://bigdata.51doit.cn/laozhao
http://bigdata.51doit.cn/laoduan
http://bigdata.51doit.cn/laoduan
http://javaee.51doit.cn/xiaoxu
http://javaee.51doit.cn/xiaoxu
http://javaee.51doit.cn/laoyang
http://javaee.51doit.cn/laoyang
http://javaee.51doit.cn/laoyang
http://bigdata.51doit.cn/laozhao
http://bigdata.51doit.cn/laozhao
http://bigdata.51doit.cn/laozhao
http://bigdata.51doit.cn/laozhao
http://bigdata.51doit.cn/laozhao
http://bigdata.51doit.cn/laoduan